<?xml version="1.0" encoding="UTF-8"?>
<testsuite name="baseball.model.RefereeTest" tests="1" skipped="0" failures="0" errors="0" timestamp="2024-01-03T10:34:20" hostname="choechanghwan-ui-MacBookAir.local" time="0.004">
  <properties/>
  <testcase name="컴퓨터와 사용자의 숫자를 비교하여 볼 갯수와 스트라이크 갯수를 반환한다." classname="baseball.model.RefereeTest" time="0.004"/>
  <system-out><![CDATA[]]></system-out>
  <system-err><![CDATA[]]></system-err>
</testsuite>
